<?xml version="1.0" encoding="UTF-8"?>
<coverage generated="1586617179309" clover="3.2.0">
  <project timestamp="1586617179309" name="All files">
    <metrics statements="59" coveredstatements="58" conditionals="26" coveredconditionals="24" methods="30" coveredmethods="28" elements="115" coveredelements="110" complexity="0" loc="59" ncloc="59" packages="7" files="8" classes="8"/>
    <package name="src">
      <metrics statements="1" coveredstatements="1" conditionals="0" coveredconditionals="0" methods="0" coveredmethods="0"/>
      <file name="App.vue" path="/Users/stelios/Development/stelios-vue/src/App.vue">
        <metrics statements="1" coveredstatements="1" conditionals="0" coveredconditionals="0" methods="0" coveredmethods="0"/>
        <line num="6" count="1" type="stmt"/>
      </file>
    </package>
    <package name="src.components">
      <metrics statements="0" coveredstatements="0" conditionals="0" coveredconditionals="0" methods="0" coveredmethods="0"/>
      <file name="index.js" path="/Users/stelios/Development/stelios-vue/src/components/index.js">
        <metrics statements="0" coveredstatements="0" conditionals="0" coveredconditionals="0" methods="0" coveredmethods="0"/>
      </file>
    </package>
    <package name="src.components.ItemsList">
      <metrics statements="40" coveredstatements="40" conditionals="16" coveredconditionals="14" methods="23" coveredmethods="23"/>
      <file name="ItemsListComponent.vue" path="/Users/stelios/Development/stelios-vue/src/components/ItemsList/ItemsListComponent.vue">
        <metrics statements="21" coveredstatements="21" conditionals="4" coveredconditionals="4" methods="14" coveredmethods="14"/>
        <line num="78" count="3" type="stmt"/>
        <line num="86" count="3" type="stmt"/>
        <line num="88" count="3" type="stmt"/>
        <line num="97" count="3" type="stmt"/>
        <line num="119" count="23" type="stmt"/>
        <line num="135" count="15" type="stmt"/>
        <line num="155" count="15" type="stmt"/>
        <line num="163" count="16" type="cond" truecount="2" falsecount="0"/>
        <line num="164" count="1" type="stmt"/>
        <line num="166" count="15" type="stmt"/>
        <line num="169" count="19" type="stmt"/>
        <line num="170" count="19" type="stmt"/>
        <line num="172" count="19" type="stmt"/>
        <line num="175" count="3" type="stmt"/>
        <line num="178" count="20" type="cond" truecount="2" falsecount="0"/>
        <line num="181" count="19" type="stmt"/>
        <line num="184" count="19" type="stmt"/>
        <line num="189" count="1" type="stmt"/>
        <line num="193" count="15" type="stmt"/>
        <line num="198" count="1" type="stmt"/>
        <line num="201" count="1" type="stmt"/>
      </file>
      <file name="ItemsListModule.js" path="/Users/stelios/Development/stelios-vue/src/components/ItemsList/ItemsListModule.js">
        <metrics statements="19" coveredstatements="19" conditionals="12" coveredconditionals="10" methods="9" coveredmethods="9"/>
        <line num="24" count="2" type="cond" truecount="2" falsecount="0"/>
        <line num="25" count="1" type="stmt"/>
        <line num="26" count="1" type="stmt"/>
        <line num="28" count="1" type="stmt"/>
        <line num="31" count="3" type="cond" truecount="2" falsecount="0"/>
        <line num="32" count="2" type="stmt"/>
        <line num="34" count="1" type="stmt"/>
        <line num="36" count="1" type="stmt"/>
        <line num="41" count="1" type="stmt"/>
        <line num="45" count="6" type="stmt"/>
        <line num="51" count="12" type="stmt"/>
        <line num="52" count="6" type="stmt"/>
        <line num="54" count="6" type="cond" truecount="2" falsecount="0"/>
        <line num="75" count="2" type="stmt"/>
        <line num="76" count="2" type="stmt"/>
        <line num="79" count="1" type="stmt"/>
        <line num="81" count="1" type="stmt"/>
        <line num="85" count="2" type="stmt"/>
        <line num="87" count="1" type="stmt"/>
      </file>
    </package>
    <package name="src.components.ItemsList.components.Item">
      <metrics statements="2" coveredstatements="1" conditionals="0" coveredconditionals="0" methods="1" coveredmethods="0"/>
      <file name="ItemComponent.vue" path="/Users/stelios/Development/stelios-vue/src/components/ItemsList/components/Item/ItemComponent.vue">
        <metrics statements="2" coveredstatements="1" conditionals="0" coveredconditionals="0" methods="1" coveredmethods="0"/>
        <line num="34" count="4" type="stmt"/>
        <line num="68" count="0" type="stmt"/>
      </file>
    </package>
    <package name="src.constants">
      <metrics statements="5" coveredstatements="5" conditionals="0" coveredconditionals="0" methods="0" coveredmethods="0"/>
      <file name="index.js" path="/Users/stelios/Development/stelios-vue/src/constants/index.js">
        <metrics statements="5" coveredstatements="5" conditionals="0" coveredconditionals="0" methods="0" coveredmethods="0"/>
        <line num="1" count="5" type="stmt"/>
        <line num="8" count="5" type="stmt"/>
        <line num="13" count="5" type="stmt"/>
        <line num="20" count="5" type="stmt"/>
        <line num="22" count="5" type="stmt"/>
      </file>
    </package>
    <package name="src.utils">
      <metrics statements="6" coveredstatements="6" conditionals="7" coveredconditionals="7" methods="5" coveredmethods="4"/>
      <file name="index.js" path="/Users/stelios/Development/stelios-vue/src/utils/index.js">
        <metrics statements="6" coveredstatements="6" conditionals="7" coveredconditionals="7" methods="5" coveredmethods="4"/>
        <line num="8" count="3" type="stmt"/>
        <line num="9" count="1" type="stmt"/>
        <line num="11" count="1" type="stmt"/>
        <line num="13" count="2" type="cond" truecount="2" falsecount="0"/>
        <line num="15" count="1" type="stmt"/>
        <line num="19" count="3" type="stmt"/>
      </file>
    </package>
    <package name="src.views.Dashboard">
      <metrics statements="5" coveredstatements="5" conditionals="3" coveredconditionals="3" methods="1" coveredmethods="1"/>
      <file name="DashboardView.vue" path="/Users/stelios/Development/stelios-vue/src/views/Dashboard/DashboardView.vue">
        <metrics statements="5" coveredstatements="5" conditionals="3" coveredconditionals="3" methods="1" coveredmethods="1"/>
        <line num="32" count="2" type="stmt"/>
        <line num="33" count="2" type="stmt"/>
        <line num="37" count="2" type="stmt"/>
        <line num="38" count="2" type="stmt"/>
        <line num="50" count="40" type="cond" truecount="3" falsecount="0"/>
      </file>
    </package>
  </project>
</coverage>
