<?xml version="1.0" encoding="UTF-8"?>
<coverage generated="1586863753721" clover="3.2.0">
  <project timestamp="1586863753721" name="All files">
    <metrics statements="67" coveredstatements="63" conditionals="34" coveredconditionals="29" methods="35" coveredmethods="30" elements="136" coveredelements="122" complexity="0" loc="67" ncloc="67" packages="8" files="8" classes="8"/>
    <package name="src">
      <metrics statements="1" coveredstatements="1" conditionals="0" coveredconditionals="0" methods="0" coveredmethods="0"/>
      <file name="App.vue" path="/Users/stelios/Development/stelios-vue/src/App.vue">
        <metrics statements="1" coveredstatements="1" conditionals="0" coveredconditionals="0" methods="0" coveredmethods="0"/>
        <line num="6" count="1" type="stmt"/>
      </file>
    </package>
    <package name="src.components">
      <metrics statements="0" coveredstatements="0" conditionals="0" coveredconditionals="0" methods="0" coveredmethods="0"/>
      <file name="index.js" path="/Users/stelios/Development/stelios-vue/src/components/index.js">
        <metrics statements="0" coveredstatements="0" conditionals="0" coveredconditionals="0" methods="0" coveredmethods="0"/>
      </file>
    </package>
    <package name="src.components.ItemsList">
      <metrics statements="26" coveredstatements="23" conditionals="11" coveredconditionals="9" methods="18" coveredmethods="15"/>
      <file name="ItemsListComponent.vue" path="/Users/stelios/Development/stelios-vue/src/components/ItemsList/ItemsListComponent.vue">
        <metrics statements="26" coveredstatements="23" conditionals="11" coveredconditionals="9" methods="18" coveredmethods="15"/>
        <line num="104" count="3" type="stmt"/>
        <line num="113" count="3" type="stmt"/>
        <line num="115" count="3" type="stmt"/>
        <line num="117" count="3" type="stmt"/>
        <line num="126" count="3" type="stmt"/>
        <line num="148" count="24" type="stmt"/>
        <line num="164" count="16" type="stmt"/>
        <line num="184" count="0" type="stmt"/>
        <line num="187" count="16" type="cond" truecount="2" falsecount="0"/>
        <line num="188" count="1" type="stmt"/>
        <line num="190" count="15" type="stmt"/>
        <line num="193" count="19" type="stmt"/>
        <line num="194" count="19" type="stmt"/>
        <line num="196" count="19" type="stmt"/>
        <line num="199" count="3" type="stmt"/>
        <line num="202" count="20" type="cond" truecount="2" falsecount="0"/>
        <line num="205" count="19" type="stmt"/>
        <line num="208" count="19" type="stmt"/>
        <line num="211" count="0" type="stmt"/>
        <line num="219" count="20" type="cond" truecount="1" falsecount="1"/>
        <line num="223" count="16" type="stmt"/>
        <line num="225" count="160" type="cond" truecount="4" falsecount="1"/>
        <line num="233" count="1" type="stmt"/>
        <line num="236" count="1" type="stmt"/>
        <line num="239" count="1" type="stmt"/>
        <line num="242" count="0" type="stmt"/>
      </file>
    </package>
    <package name="src.components.ItemsList.components.Item">
      <metrics statements="3" coveredstatements="2" conditionals="2" coveredconditionals="2" methods="2" coveredmethods="1"/>
      <file name="ItemComponent.vue" path="/Users/stelios/Development/stelios-vue/src/components/ItemsList/components/Item/ItemComponent.vue">
        <metrics statements="3" coveredstatements="2" conditionals="2" coveredconditionals="2" methods="2" coveredmethods="1"/>
        <line num="41" count="4" type="stmt"/>
        <line num="79" count="0" type="stmt"/>
        <line num="84" count="3" type="cond" truecount="2" falsecount="0"/>
      </file>
    </package>
    <package name="src.components.ItemsList.store">
      <metrics statements="23" coveredstatements="23" conditionals="14" coveredconditionals="11" methods="10" coveredmethods="10"/>
      <file name="ItemsListModule.js" path="/Users/stelios/Development/stelios-vue/src/components/ItemsList/store/ItemsListModule.js">
        <metrics statements="23" coveredstatements="23" conditionals="14" coveredconditionals="11" methods="10" coveredmethods="10"/>
        <line num="25" count="2" type="cond" truecount="2" falsecount="0"/>
        <line num="26" count="1" type="stmt"/>
        <line num="27" count="1" type="stmt"/>
        <line num="29" count="1" type="stmt"/>
        <line num="32" count="3" type="cond" truecount="2" falsecount="0"/>
        <line num="33" count="2" type="stmt"/>
        <line num="35" count="1" type="stmt"/>
        <line num="37" count="1" type="stmt"/>
        <line num="42" count="1" type="stmt"/>
        <line num="45" count="1" type="cond" truecount="1" falsecount="1"/>
        <line num="47" count="1" type="stmt"/>
        <line num="51" count="6" type="stmt"/>
        <line num="57" count="12" type="stmt"/>
        <line num="58" count="6" type="stmt"/>
        <line num="60" count="6" type="cond" truecount="2" falsecount="0"/>
        <line num="81" count="2" type="stmt"/>
        <line num="82" count="2" type="stmt"/>
        <line num="85" count="1" type="stmt"/>
        <line num="86" count="1" type="stmt"/>
        <line num="88" count="1" type="stmt"/>
        <line num="89" count="1" type="stmt"/>
        <line num="93" count="2" type="stmt"/>
        <line num="95" count="1" type="stmt"/>
      </file>
    </package>
    <package name="src.constants">
      <metrics statements="6" coveredstatements="6" conditionals="0" coveredconditionals="0" methods="0" coveredmethods="0"/>
      <file name="index.js" path="/Users/stelios/Development/stelios-vue/src/constants/index.js">
        <metrics statements="6" coveredstatements="6" conditionals="0" coveredconditionals="0" methods="0" coveredmethods="0"/>
        <line num="1" count="5" type="stmt"/>
        <line num="8" count="5" type="stmt"/>
        <line num="13" count="5" type="stmt"/>
        <line num="20" count="5" type="stmt"/>
        <line num="22" count="5" type="stmt"/>
        <line num="26" count="5" type="stmt"/>
      </file>
    </package>
    <package name="src.utils">
      <metrics statements="6" coveredstatements="6" conditionals="7" coveredconditionals="7" methods="5" coveredmethods="4"/>
      <file name="index.js" path="/Users/stelios/Development/stelios-vue/src/utils/index.js">
        <metrics statements="6" coveredstatements="6" conditionals="7" coveredconditionals="7" methods="5" coveredmethods="4"/>
        <line num="8" count="3" type="stmt"/>
        <line num="9" count="1" type="stmt"/>
        <line num="11" count="1" type="stmt"/>
        <line num="13" count="2" type="cond" truecount="2" falsecount="0"/>
        <line num="15" count="1" type="stmt"/>
        <line num="19" count="3" type="stmt"/>
      </file>
    </package>
    <package name="src.views.Dashboard">
      <metrics statements="2" coveredstatements="2" conditionals="0" coveredconditionals="0" methods="0" coveredmethods="0"/>
      <file name="DashboardView.vue" path="/Users/stelios/Development/stelios-vue/src/views/Dashboard/DashboardView.vue">
        <metrics statements="2" coveredstatements="2" conditionals="0" coveredconditionals="0" methods="0" coveredmethods="0"/>
        <line num="32" count="2" type="stmt"/>
        <line num="36" count="2" type="stmt"/>
      </file>
    </package>
  </project>
</coverage>
