{"/Users/stelios/Development/stelios-vue/src/App.vue": {"path":"/Users/stelios/Development/stelios-vue/src/App.vue","statementMap":{"0":{"start":{"line":6,"column":0},"end":{"line":6,"column":null}}},"fnMap":{},"branchMap":{},"s":{"0":1},"f":{},"b":{}}
,"/Users/stelios/Development/stelios-vue/src/components/index.js": {"path":"/Users/stelios/Development/stelios-vue/src/components/index.js","statementMap":{},"fnMap":{},"branchMap":{},"s":{},"f":{},"b":{},"_coverageSchema":"1a1c01bbd47fc00a2c39e90264f33305004495a9","hash":"f255ba8cdb654fc41dc725c9163170dd393f26be"}
,"/Users/stelios/Development/stelios-vue/src/components/ItemsList/ItemsListComponent.vue": {"path":"/Users/stelios/Development/stelios-vue/src/components/ItemsList/ItemsListComponent.vue","statementMap":{"0":{"start":{"line":104,"column":0},"end":{"line":104,"column":null}},"1":{"start":{"line":113,"column":0},"end":{"line":113,"column":null}},"2":{"start":{"line":115,"column":0},"end":{"line":115,"column":null}},"3":{"start":{"line":117,"column":0},"end":{"line":117,"column":null}},"4":{"start":{"line":126,"column":0},"end":{"line":126,"column":null}},"5":{"start":{"line":148,"column":0},"end":{"line":148,"column":null}},"6":{"start":{"line":164,"column":0},"end":{"line":164,"column":null}},"7":{"start":{"line":184,"column":0},"end":{"line":184,"column":null}},"8":{"start":{"line":187,"column":0},"end":{"line":189,"column":null}},"9":{"start":{"line":188,"column":0},"end":{"line":188,"column":null}},"10":{"start":{"line":190,"column":0},"end":{"line":190,"column":null}},"11":{"start":{"line":193,"column":0},"end":{"line":193,"column":null}},"12":{"start":{"line":194,"column":0},"end":{"line":194,"column":null}},"13":{"start":{"line":196,"column":0},"end":{"line":196,"column":null}},"14":{"start":{"line":199,"column":0},"end":{"line":199,"column":null}},"15":{"start":{"line":202,"column":0},"end":{"line":202,"column":null}},"16":{"start":{"line":205,"column":0},"end":{"line":205,"column":null}},"17":{"start":{"line":208,"column":0},"end":{"line":208,"column":null}},"18":{"start":{"line":211,"column":0},"end":{"line":211,"column":null}},"19":{"start":{"line":219,"column":0},"end":{"line":219,"column":null}},"20":{"start":{"line":223,"column":0},"end":{"line":223,"column":null}},"21":{"start":{"line":225,"column":0},"end":{"line":225,"column":null}},"22":{"start":{"line":233,"column":0},"end":{"line":233,"column":null}},"23":{"start":{"line":236,"column":0},"end":{"line":236,"column":null}},"24":{"start":{"line":239,"column":0},"end":{"line":239,"column":null}},"25":{"start":{"line":242,"column":0},"end":{"line":242,"column":null}}},"fnMap":{"0":{"name":"_default","decl":{"start":{"line":148,"column":0},"end":{"line":148,"column":null}},"loc":{"start":{"line":148,"column":0},"end":{"line":148,"column":null}}},"1":{"name":"data","decl":{"start":{"line":163,"column":0},"end":{"line":163,"column":null}},"loc":{"start":{"line":163,"column":0},"end":{"line":180,"column":null}}},"2":{"name":"statusIsLoaded","decl":{"start":{"line":184,"column":0},"end":{"line":184,"column":null}},"loc":{"start":{"line":184,"column":0},"end":{"line":184,"column":null}}},"3":{"name":"pagesSize","decl":{"start":{"line":186,"column":0},"end":{"line":186,"column":null}},"loc":{"start":{"line":186,"column":0},"end":{"line":191,"column":null}}},"4":{"name":"paginatedItems","decl":{"start":{"line":192,"column":0},"end":{"line":192,"column":null}},"loc":{"start":{"line":192,"column":0},"end":{"line":197,"column":null}}},"5":{"name":"favouriteList","decl":{"start":{"line":198,"column":0},"end":{"line":198,"column":null}},"loc":{"start":{"line":198,"column":0},"end":{"line":200,"column":null}}},"6":{"name":"(anonymous_12)","decl":{"start":{"line":199,"column":0},"end":{"line":199,"column":null}},"loc":{"start":{"line":199,"column":0},"end":{"line":199,"column":null}}},"7":{"name":"itemsByListType","decl":{"start":{"line":201,"column":0},"end":{"line":201,"column":null}},"loc":{"start":{"line":201,"column":0},"end":{"line":203,"column":null}}},"8":{"name":"hidePreviousPageButton","decl":{"start":{"line":204,"column":0},"end":{"line":204,"column":null}},"loc":{"start":{"line":204,"column":0},"end":{"line":206,"column":null}}},"9":{"name":"hideNextPageButton","decl":{"start":{"line":207,"column":0},"end":{"line":207,"column":null}},"loc":{"start":{"line":207,"column":0},"end":{"line":209,"column":null}}},"10":{"name":"filteredItems","decl":{"start":{"line":210,"column":0},"end":{"line":210,"column":null}},"loc":{"start":{"line":210,"column":0},"end":{"line":217,"column":null}}},"11":{"name":"isListEmpty","decl":{"start":{"line":218,"column":0},"end":{"line":218,"column":null}},"loc":{"start":{"line":218,"column":0},"end":{"line":220,"column":null}}},"12":{"name":"created","decl":{"start":{"line":222,"column":0},"end":{"line":222,"column":null}},"loc":{"start":{"line":222,"column":0},"end":{"line":224,"column":null}}},"13":{"name":"mounted","decl":{"start":{"line":225,"column":0},"end":{"line":225,"column":null}},"loc":{"start":{"line":225,"column":0},"end":{"line":229,"column":null}}},"14":{"name":"onClickNextPageButton","decl":{"start":{"line":232,"column":0},"end":{"line":232,"column":null}},"loc":{"start":{"line":232,"column":0},"end":{"line":234,"column":null}}},"15":{"name":"onClickPreviousPageButton","decl":{"start":{"line":235,"column":0},"end":{"line":235,"column":null}},"loc":{"start":{"line":235,"column":0},"end":{"line":237,"column":null}}},"16":{"name":"onClickFavoriteItem","decl":{"start":{"line":238,"column":0},"end":{"line":238,"column":null}},"loc":{"start":{"line":238,"column":0},"end":{"line":240,"column":null}}},"17":{"name":"debounceInput","decl":{"start":{"line":241,"column":0},"end":{"line":241,"column":null}},"loc":{"start":{"line":241,"column":0},"end":{"line":243,"column":null}}}},"branchMap":{"0":{"loc":{"start":{"line":187,"column":0},"end":{"line":189,"column":null}},"type":"if","locations":[{"start":{"line":187,"column":0},"end":{"line":189,"column":null}},{"start":{"line":187,"column":0},"end":{"line":189,"column":null}}]},"1":{"loc":{"start":{"line":202,"column":0},"end":{"line":202,"column":null}},"type":"cond-expr","locations":[{"start":{"line":202,"column":0},"end":{"line":202,"column":null}},{"start":{"line":202,"column":0},"end":{"line":202,"column":null}}]},"2":{"loc":{"start":{"line":219,"column":0},"end":{"line":219,"column":null}},"type":"cond-expr","locations":[{"start":{"line":219,"column":0},"end":{"line":219,"column":null}},{"start":{"line":219,"column":0},"end":{"line":219,"column":null}}]},"3":{"loc":{"start":{"line":225,"column":0},"end":{"line":225,"column":null}},"type":"switch","locations":[{"start":{"line":225,"column":0},"end":{"line":225,"column":null}},{"start":{"line":225,"column":0},"end":{"line":225,"column":null}},{"start":{"line":225,"column":0},"end":{"line":225,"column":null}}]},"4":{"loc":{"start":{"line":225,"column":0},"end":{"line":225,"column":null}},"type":"if","locations":[{"start":{"line":225,"column":0},"end":{"line":225,"column":null}},{"start":{"line":225,"column":0},"end":{"line":225,"column":null}}]}},"s":{"0":3,"1":3,"2":3,"3":3,"4":3,"5":24,"6":16,"7":0,"8":16,"9":1,"10":15,"11":19,"12":19,"13":19,"14":3,"15":20,"16":19,"17":19,"18":0,"19":20,"20":16,"21":160,"22":1,"23":1,"24":1,"25":0},"f":{"0":24,"1":16,"2":0,"3":16,"4":19,"5":1,"6":2,"7":20,"8":19,"9":19,"10":0,"11":20,"12":16,"13":48,"14":1,"15":1,"16":1,"17":0},"b":{"0":[1,15],"1":[19,1],"2":[0,20],"3":[16,16,16],"4":[16,0]}}
,"/Users/stelios/Development/stelios-vue/src/components/ItemsList/components/Item/ItemComponent.vue": {"path":"/Users/stelios/Development/stelios-vue/src/components/ItemsList/components/Item/ItemComponent.vue","statementMap":{"0":{"start":{"line":41,"column":0},"end":{"line":41,"column":null}},"1":{"start":{"line":79,"column":0},"end":{"line":79,"column":null}},"2":{"start":{"line":84,"column":0},"end":{"line":84,"column":null}}},"fnMap":{"0":{"name":"_default","decl":{"start":{"line":79,"column":0},"end":{"line":79,"column":null}},"loc":{"start":{"line":79,"column":0},"end":{"line":79,"column":null}}},"1":{"name":"dislikeText","decl":{"start":{"line":83,"column":0},"end":{"line":83,"column":null}},"loc":{"start":{"line":83,"column":0},"end":{"line":85,"column":null}}}},"branchMap":{"0":{"loc":{"start":{"line":84,"column":0},"end":{"line":84,"column":null}},"type":"cond-expr","locations":[{"start":{"line":84,"column":0},"end":{"line":84,"column":null}},{"start":{"line":84,"column":0},"end":{"line":84,"column":null}}]}},"s":{"0":4,"1":0,"2":3},"f":{"0":0,"1":3},"b":{"0":[1,2]}}
,"/Users/stelios/Development/stelios-vue/src/components/ItemsList/store/ItemsListModule.js": {"path":"/Users/stelios/Development/stelios-vue/src/components/ItemsList/store/ItemsListModule.js","statementMap":{"0":{"start":{"line":25,"column":6},"end":{"line":28,"column":7}},"1":{"start":{"line":26,"column":8},"end":{"line":26,"column":25}},"2":{"start":{"line":27,"column":8},"end":{"line":27,"column":15}},"3":{"start":{"line":29,"column":6},"end":{"line":29,"column":26}},"4":{"start":{"line":32,"column":6},"end":{"line":34,"column":7}},"5":{"start":{"line":33,"column":8},"end":{"line":33,"column":15}},"6":{"start":{"line":35,"column":19},"end":{"line":35,"column":37}},"7":{"start":{"line":37,"column":22},"end":{"line":40,"column":7}},"8":{"start":{"line":42,"column":6},"end":{"line":42,"column":43}},"9":{"start":{"line":45,"column":6},"end":{"line":45,"column":36}},"10":{"start":{"line":45,"column":29},"end":{"line":45,"column":36}},"11":{"start":{"line":47,"column":6},"end":{"line":47,"column":29}},"12":{"start":{"line":51,"column":34},"end":{"line":76,"column":5}},"13":{"start":{"line":57,"column":20},"end":{"line":57,"column":103}},"14":{"start":{"line":57,"column":49},"end":{"line":57,"column":102}},"15":{"start":{"line":58,"column":34},"end":{"line":58,"column":72}},"16":{"start":{"line":60,"column":6},"end":{"line":75,"column":9}},"17":{"start":{"line":60,"column":52},"end":{"line":74,"column":9}},"18":{"start":{"line":81,"column":6},"end":{"line":90,"column":7}},"19":{"start":{"line":82,"column":25},"end":{"line":84,"column":9}},"20":{"start":{"line":85,"column":8},"end":{"line":85,"column":39}},"21":{"start":{"line":86,"column":8},"end":{"line":86,"column":40}},"22":{"start":{"line":88,"column":8},"end":{"line":88,"column":31}},"23":{"start":{"line":89,"column":8},"end":{"line":89,"column":41}},"24":{"start":{"line":93,"column":20},"end":{"line":93,"column":70}},"25":{"start":{"line":93,"column":52},"end":{"line":93,"column":69}},"26":{"start":{"line":95,"column":6},"end":{"line":95,"column":38}}},"fnMap":{"0":{"name":"(anonymous_0)","decl":{"start":{"line":24,"column":4},"end":{"line":24,"column":5}},"loc":{"start":{"line":24,"column":27},"end":{"line":30,"column":5}},"line":24},"1":{"name":"(anonymous_1)","decl":{"start":{"line":31,"column":4},"end":{"line":31,"column":5}},"loc":{"start":{"line":31,"column":33},"end":{"line":43,"column":5}},"line":31},"2":{"name":"(anonymous_2)","decl":{"start":{"line":44,"column":4},"end":{"line":44,"column":5}},"loc":{"start":{"line":44,"column":34},"end":{"line":48,"column":5}},"line":44},"3":{"name":"(anonymous_3)","decl":{"start":{"line":51,"column":23},"end":{"line":51,"column":24}},"loc":{"start":{"line":51,"column":34},"end":{"line":76,"column":5}},"line":51},"4":{"name":"(anonymous_4)","decl":{"start":{"line":51,"column":34},"end":{"line":51,"column":35}},"loc":{"start":{"line":56,"column":10},"end":{"line":76,"column":5}},"line":56},"5":{"name":"(anonymous_5)","decl":{"start":{"line":57,"column":39},"end":{"line":57,"column":40}},"loc":{"start":{"line":57,"column":49},"end":{"line":57,"column":102}},"line":57},"6":{"name":"(anonymous_6)","decl":{"start":{"line":60,"column":24},"end":{"line":60,"column":25}},"loc":{"start":{"line":60,"column":52},"end":{"line":74,"column":9}},"line":60},"7":{"name":"(anonymous_7)","decl":{"start":{"line":80,"column":4},"end":{"line":80,"column":5}},"loc":{"start":{"line":80,"column":31},"end":{"line":91,"column":5}},"line":80},"8":{"name":"(anonymous_8)","decl":{"start":{"line":92,"column":4},"end":{"line":92,"column":5}},"loc":{"start":{"line":92,"column":46},"end":{"line":96,"column":5}},"line":92},"9":{"name":"(anonymous_9)","decl":{"start":{"line":93,"column":42},"end":{"line":93,"column":43}},"loc":{"start":{"line":93,"column":52},"end":{"line":93,"column":69}},"line":93}},"branchMap":{"0":{"loc":{"start":{"line":25,"column":6},"end":{"line":28,"column":7}},"type":"if","locations":[{"start":{"line":25,"column":6},"end":{"line":28,"column":7}},{"start":{"line":25,"column":6},"end":{"line":28,"column":7}}],"line":25},"1":{"loc":{"start":{"line":32,"column":6},"end":{"line":34,"column":7}},"type":"if","locations":[{"start":{"line":32,"column":6},"end":{"line":34,"column":7}},{"start":{"line":32,"column":6},"end":{"line":34,"column":7}}],"line":32},"2":{"loc":{"start":{"line":39,"column":20},"end":{"line":39,"column":44}},"type":"binary-expr","locations":[{"start":{"line":39,"column":20},"end":{"line":39,"column":24}},{"start":{"line":39,"column":28},"end":{"line":39,"column":44}}],"line":39},"3":{"loc":{"start":{"line":45,"column":6},"end":{"line":45,"column":36}},"type":"if","locations":[{"start":{"line":45,"column":6},"end":{"line":45,"column":36}},{"start":{"line":45,"column":6},"end":{"line":45,"column":36}}],"line":45},"4":{"loc":{"start":{"line":52,"column":6},"end":{"line":52,"column":15}},"type":"default-arg","locations":[{"start":{"line":52,"column":13},"end":{"line":52,"column":15}}],"line":52},"5":{"loc":{"start":{"line":53,"column":6},"end":{"line":53,"column":44}},"type":"default-arg","locations":[{"start":{"line":53,"column":25},"end":{"line":53,"column":44}}],"line":53},"6":{"loc":{"start":{"line":54,"column":6},"end":{"line":54,"column":40}},"type":"default-arg","locations":[{"start":{"line":54,"column":15},"end":{"line":54,"column":40}}],"line":54},"7":{"loc":{"start":{"line":55,"column":6},"end":{"line":55,"column":41}},"type":"default-arg","locations":[{"start":{"line":55,"column":22},"end":{"line":55,"column":41}}],"line":55},"8":{"loc":{"start":{"line":60,"column":52},"end":{"line":74,"column":9}},"type":"cond-expr","locations":[{"start":{"line":61,"column":10},"end":{"line":67,"column":9}},{"start":{"line":68,"column":10},"end":{"line":74,"column":9}}],"line":60}},"s":{"0":2,"1":1,"2":1,"3":1,"4":3,"5":2,"6":1,"7":1,"8":1,"9":1,"10":0,"11":1,"12":6,"13":6,"14":12,"15":6,"16":6,"17":6,"18":2,"19":2,"20":1,"21":1,"22":1,"23":1,"24":1,"25":2,"26":1},"f":{"0":2,"1":3,"2":1,"3":6,"4":6,"5":12,"6":6,"7":2,"8":1,"9":2},"b":{"0":[1,1],"1":[2,1],"2":[1,1],"3":[0,1],"4":[0],"5":[0],"6":[3],"7":[4],"8":[1,5]},"_coverageSchema":"1a1c01bbd47fc00a2c39e90264f33305004495a9","hash":"b8a8a1141a6aff0725f25262aa9a2b4f98366dff"}
,"/Users/stelios/Development/stelios-vue/src/constants/index.js": {"path":"/Users/stelios/Development/stelios-vue/src/constants/index.js","statementMap":{"0":{"start":{"line":1,"column":20},"end":{"line":6,"column":1}},"1":{"start":{"line":8,"column":24},"end":{"line":11,"column":1}},"2":{"start":{"line":13,"column":28},"end":{"line":18,"column":1}},"3":{"start":{"line":20,"column":21},"end":{"line":20,"column":22}},"4":{"start":{"line":22,"column":21},"end":{"line":24,"column":1}},"5":{"start":{"line":26,"column":14},"end":{"line":26,"column":17}}},"fnMap":{},"branchMap":{},"s":{"0":5,"1":5,"2":5,"3":5,"4":5,"5":5},"f":{},"b":{},"_coverageSchema":"1a1c01bbd47fc00a2c39e90264f33305004495a9","hash":"b0206bca2ed6e9d0f7b5928a169c0546c605a5f3"}
,"/Users/stelios/Development/stelios-vue/src/utils/index.js": {"path":"/Users/stelios/Development/stelios-vue/src/utils/index.js","statementMap":{"0":{"start":{"line":8,"column":32},"end":{"line":9,"column":86}},"1":{"start":{"line":8,"column":66},"end":{"line":9,"column":86}},"2":{"start":{"line":9,"column":23},"end":{"line":9,"column":85}},"3":{"start":{"line":11,"column":19},"end":{"line":11,"column":96}},"4":{"start":{"line":11,"column":50},"end":{"line":11,"column":96}},"5":{"start":{"line":13,"column":19},"end":{"line":13,"column":85}},"6":{"start":{"line":13,"column":51},"end":{"line":13,"column":84}},"7":{"start":{"line":15,"column":29},"end":{"line":22,"column":2}},"8":{"start":{"line":19,"column":7},"end":{"line":22,"column":1}}},"fnMap":{"0":{"name":"(anonymous_0)","decl":{"start":{"line":8,"column":32},"end":{"line":8,"column":33}},"loc":{"start":{"line":8,"column":66},"end":{"line":9,"column":86}},"line":8},"1":{"name":"(anonymous_1)","decl":{"start":{"line":9,"column":2},"end":{"line":9,"column":3}},"loc":{"start":{"line":9,"column":23},"end":{"line":9,"column":85}},"line":9},"2":{"name":"(anonymous_2)","decl":{"start":{"line":11,"column":19},"end":{"line":11,"column":20}},"loc":{"start":{"line":11,"column":50},"end":{"line":11,"column":96}},"line":11},"3":{"name":"(anonymous_3)","decl":{"start":{"line":13,"column":19},"end":{"line":13,"column":20}},"loc":{"start":{"line":13,"column":51},"end":{"line":13,"column":84}},"line":13},"4":{"name":"(anonymous_4)","decl":{"start":{"line":15,"column":29},"end":{"line":15,"column":30}},"loc":{"start":{"line":19,"column":7},"end":{"line":22,"column":1}},"line":19}},"branchMap":{"0":{"loc":{"start":{"line":13,"column":51},"end":{"line":13,"column":84}},"type":"cond-expr","locations":[{"start":{"line":13,"column":78},"end":{"line":13,"column":79}},{"start":{"line":13,"column":82},"end":{"line":13,"column":84}}],"line":13},"1":{"loc":{"start":{"line":16,"column":2},"end":{"line":16,"column":43}},"type":"default-arg","locations":[{"start":{"line":16,"column":24},"end":{"line":16,"column":43}}],"line":16},"2":{"loc":{"start":{"line":20,"column":15},"end":{"line":20,"column":59}},"type":"cond-expr","locations":[{"start":{"line":20,"column":37},"end":{"line":20,"column":45}},{"start":{"line":20,"column":48},"end":{"line":20,"column":59}}],"line":20},"3":{"loc":{"start":{"line":21,"column":12},"end":{"line":21,"column":56}},"type":"cond-expr","locations":[{"start":{"line":21,"column":34},"end":{"line":21,"column":45}},{"start":{"line":21,"column":48},"end":{"line":21,"column":56}}],"line":21}},"s":{"0":1,"1":3,"2":1,"3":1,"4":0,"5":1,"6":2,"7":1,"8":3},"f":{"0":3,"1":1,"2":0,"3":2,"4":3},"b":{"0":[1,1],"1":[1],"2":[2,1],"3":[2,1]},"_coverageSchema":"1a1c01bbd47fc00a2c39e90264f33305004495a9","hash":"51d2250f4dd7257ca56bc9514998af7d157255d3"}
,"/Users/stelios/Development/stelios-vue/src/views/Dashboard/DashboardView.vue": {"path":"/Users/stelios/Development/stelios-vue/src/views/Dashboard/DashboardView.vue","statementMap":{"0":{"start":{"line":32,"column":0},"end":{"line":32,"column":null}},"1":{"start":{"line":36,"column":0},"end":{"line":36,"column":null}}},"fnMap":{},"branchMap":{},"s":{"0":2,"1":2},"f":{},"b":{}}
}
