{"/Users/stelios/Development/stelios-vue/src/App.vue": {"path":"/Users/stelios/Development/stelios-vue/src/App.vue","statementMap":{"0":{"start":{"line":6,"column":0},"end":{"line":6,"column":null}}},"fnMap":{},"branchMap":{},"s":{"0":1},"f":{},"b":{}}
,"/Users/stelios/Development/stelios-vue/src/components/index.js": {"path":"/Users/stelios/Development/stelios-vue/src/components/index.js","statementMap":{},"fnMap":{},"branchMap":{},"s":{},"f":{},"b":{},"_coverageSchema":"1a1c01bbd47fc00a2c39e90264f33305004495a9","hash":"f255ba8cdb654fc41dc725c9163170dd393f26be"}
,"/Users/stelios/Development/stelios-vue/src/components/ItemsList/ItemsListComponent.vue": {"path":"/Users/stelios/Development/stelios-vue/src/components/ItemsList/ItemsListComponent.vue","statementMap":{"0":{"start":{"line":78,"column":0},"end":{"line":78,"column":null}},"1":{"start":{"line":86,"column":0},"end":{"line":86,"column":null}},"2":{"start":{"line":88,"column":0},"end":{"line":88,"column":null}},"3":{"start":{"line":97,"column":0},"end":{"line":97,"column":null}},"4":{"start":{"line":119,"column":0},"end":{"line":119,"column":null}},"5":{"start":{"line":135,"column":0},"end":{"line":135,"column":null}},"6":{"start":{"line":155,"column":0},"end":{"line":155,"column":null}},"7":{"start":{"line":163,"column":0},"end":{"line":165,"column":null}},"8":{"start":{"line":164,"column":0},"end":{"line":164,"column":null}},"9":{"start":{"line":166,"column":0},"end":{"line":166,"column":null}},"10":{"start":{"line":169,"column":0},"end":{"line":169,"column":null}},"11":{"start":{"line":170,"column":0},"end":{"line":170,"column":null}},"12":{"start":{"line":172,"column":0},"end":{"line":172,"column":null}},"13":{"start":{"line":175,"column":0},"end":{"line":175,"column":null}},"14":{"start":{"line":178,"column":0},"end":{"line":178,"column":null}},"15":{"start":{"line":181,"column":0},"end":{"line":181,"column":null}},"16":{"start":{"line":184,"column":0},"end":{"line":184,"column":null}},"17":{"start":{"line":189,"column":0},"end":{"line":189,"column":null}},"18":{"start":{"line":193,"column":0},"end":{"line":193,"column":null}},"19":{"start":{"line":198,"column":0},"end":{"line":198,"column":null}},"20":{"start":{"line":201,"column":0},"end":{"line":201,"column":null}}},"fnMap":{"0":{"name":"_default","decl":{"start":{"line":119,"column":0},"end":{"line":119,"column":null}},"loc":{"start":{"line":119,"column":0},"end":{"line":119,"column":null}}},"1":{"name":"data","decl":{"start":{"line":134,"column":0},"end":{"line":134,"column":null}},"loc":{"start":{"line":134,"column":0},"end":{"line":151,"column":null}}},"2":{"name":"filteredItems","decl":{"start":{"line":154,"column":0},"end":{"line":154,"column":null}},"loc":{"start":{"line":154,"column":0},"end":{"line":161,"column":null}}},"3":{"name":"pagesSize","decl":{"start":{"line":162,"column":0},"end":{"line":162,"column":null}},"loc":{"start":{"line":162,"column":0},"end":{"line":167,"column":null}}},"4":{"name":"paginatedItems","decl":{"start":{"line":168,"column":0},"end":{"line":168,"column":null}},"loc":{"start":{"line":168,"column":0},"end":{"line":173,"column":null}}},"5":{"name":"favouriteList","decl":{"start":{"line":174,"column":0},"end":{"line":174,"column":null}},"loc":{"start":{"line":174,"column":0},"end":{"line":176,"column":null}}},"6":{"name":"(anonymous_12)","decl":{"start":{"line":175,"column":0},"end":{"line":175,"column":null}},"loc":{"start":{"line":175,"column":0},"end":{"line":175,"column":null}}},"7":{"name":"finalItems","decl":{"start":{"line":177,"column":0},"end":{"line":177,"column":null}},"loc":{"start":{"line":177,"column":0},"end":{"line":179,"column":null}}},"8":{"name":"hidePreviousPageButton","decl":{"start":{"line":180,"column":0},"end":{"line":180,"column":null}},"loc":{"start":{"line":180,"column":0},"end":{"line":182,"column":null}}},"9":{"name":"hideNextPageButton","decl":{"start":{"line":183,"column":0},"end":{"line":183,"column":null}},"loc":{"start":{"line":183,"column":0},"end":{"line":185,"column":null}}},"10":{"name":"searchText","decl":{"start":{"line":188,"column":0},"end":{"line":188,"column":null}},"loc":{"start":{"line":188,"column":0},"end":{"line":190,"column":null}}},"11":{"name":"created","decl":{"start":{"line":192,"column":0},"end":{"line":192,"column":null}},"loc":{"start":{"line":192,"column":0},"end":{"line":194,"column":null}}},"12":{"name":"onClickNextPageButton","decl":{"start":{"line":197,"column":0},"end":{"line":197,"column":null}},"loc":{"start":{"line":197,"column":0},"end":{"line":199,"column":null}}},"13":{"name":"onClickPreviousPageButton","decl":{"start":{"line":200,"column":0},"end":{"line":200,"column":null}},"loc":{"start":{"line":200,"column":0},"end":{"line":202,"column":null}}}},"branchMap":{"0":{"loc":{"start":{"line":163,"column":0},"end":{"line":165,"column":null}},"type":"if","locations":[{"start":{"line":163,"column":0},"end":{"line":165,"column":null}},{"start":{"line":163,"column":0},"end":{"line":165,"column":null}}]},"1":{"loc":{"start":{"line":178,"column":0},"end":{"line":178,"column":null}},"type":"cond-expr","locations":[{"start":{"line":178,"column":0},"end":{"line":178,"column":null}},{"start":{"line":178,"column":0},"end":{"line":178,"column":null}}]}},"s":{"0":3,"1":3,"2":3,"3":3,"4":23,"5":15,"6":15,"7":16,"8":1,"9":15,"10":19,"11":19,"12":19,"13":3,"14":20,"15":19,"16":19,"17":1,"18":15,"19":1,"20":1},"f":{"0":23,"1":15,"2":15,"3":16,"4":19,"5":1,"6":2,"7":20,"8":19,"9":19,"10":1,"11":15,"12":1,"13":1},"b":{"0":[1,15],"1":[19,1]}}
,"/Users/stelios/Development/stelios-vue/src/components/ItemsList/ItemsListModule.js": {"path":"/Users/stelios/Development/stelios-vue/src/components/ItemsList/ItemsListModule.js","statementMap":{"0":{"start":{"line":24,"column":6},"end":{"line":27,"column":7}},"1":{"start":{"line":25,"column":8},"end":{"line":25,"column":25}},"2":{"start":{"line":26,"column":8},"end":{"line":26,"column":15}},"3":{"start":{"line":28,"column":6},"end":{"line":28,"column":26}},"4":{"start":{"line":31,"column":6},"end":{"line":33,"column":7}},"5":{"start":{"line":32,"column":8},"end":{"line":32,"column":15}},"6":{"start":{"line":34,"column":19},"end":{"line":34,"column":37}},"7":{"start":{"line":36,"column":22},"end":{"line":39,"column":7}},"8":{"start":{"line":41,"column":6},"end":{"line":41,"column":43}},"9":{"start":{"line":45,"column":34},"end":{"line":70,"column":5}},"10":{"start":{"line":51,"column":20},"end":{"line":51,"column":103}},"11":{"start":{"line":51,"column":49},"end":{"line":51,"column":102}},"12":{"start":{"line":52,"column":34},"end":{"line":52,"column":72}},"13":{"start":{"line":54,"column":6},"end":{"line":69,"column":9}},"14":{"start":{"line":54,"column":52},"end":{"line":68,"column":9}},"15":{"start":{"line":75,"column":6},"end":{"line":82,"column":7}},"16":{"start":{"line":76,"column":25},"end":{"line":78,"column":9}},"17":{"start":{"line":79,"column":8},"end":{"line":79,"column":39}},"18":{"start":{"line":81,"column":8},"end":{"line":81,"column":31}},"19":{"start":{"line":85,"column":20},"end":{"line":85,"column":70}},"20":{"start":{"line":85,"column":52},"end":{"line":85,"column":69}},"21":{"start":{"line":87,"column":6},"end":{"line":87,"column":38}}},"fnMap":{"0":{"name":"(anonymous_0)","decl":{"start":{"line":23,"column":4},"end":{"line":23,"column":5}},"loc":{"start":{"line":23,"column":27},"end":{"line":29,"column":5}},"line":23},"1":{"name":"(anonymous_1)","decl":{"start":{"line":30,"column":4},"end":{"line":30,"column":5}},"loc":{"start":{"line":30,"column":33},"end":{"line":42,"column":5}},"line":30},"2":{"name":"(anonymous_2)","decl":{"start":{"line":45,"column":23},"end":{"line":45,"column":24}},"loc":{"start":{"line":45,"column":34},"end":{"line":70,"column":5}},"line":45},"3":{"name":"(anonymous_3)","decl":{"start":{"line":45,"column":34},"end":{"line":45,"column":35}},"loc":{"start":{"line":50,"column":10},"end":{"line":70,"column":5}},"line":50},"4":{"name":"(anonymous_4)","decl":{"start":{"line":51,"column":39},"end":{"line":51,"column":40}},"loc":{"start":{"line":51,"column":49},"end":{"line":51,"column":102}},"line":51},"5":{"name":"(anonymous_5)","decl":{"start":{"line":54,"column":24},"end":{"line":54,"column":25}},"loc":{"start":{"line":54,"column":52},"end":{"line":68,"column":9}},"line":54},"6":{"name":"(anonymous_6)","decl":{"start":{"line":74,"column":4},"end":{"line":74,"column":5}},"loc":{"start":{"line":74,"column":31},"end":{"line":83,"column":5}},"line":74},"7":{"name":"(anonymous_7)","decl":{"start":{"line":84,"column":4},"end":{"line":84,"column":5}},"loc":{"start":{"line":84,"column":46},"end":{"line":88,"column":5}},"line":84},"8":{"name":"(anonymous_8)","decl":{"start":{"line":85,"column":42},"end":{"line":85,"column":43}},"loc":{"start":{"line":85,"column":52},"end":{"line":85,"column":69}},"line":85}},"branchMap":{"0":{"loc":{"start":{"line":24,"column":6},"end":{"line":27,"column":7}},"type":"if","locations":[{"start":{"line":24,"column":6},"end":{"line":27,"column":7}},{"start":{"line":24,"column":6},"end":{"line":27,"column":7}}],"line":24},"1":{"loc":{"start":{"line":31,"column":6},"end":{"line":33,"column":7}},"type":"if","locations":[{"start":{"line":31,"column":6},"end":{"line":33,"column":7}},{"start":{"line":31,"column":6},"end":{"line":33,"column":7}}],"line":31},"2":{"loc":{"start":{"line":38,"column":20},"end":{"line":38,"column":44}},"type":"binary-expr","locations":[{"start":{"line":38,"column":20},"end":{"line":38,"column":24}},{"start":{"line":38,"column":28},"end":{"line":38,"column":44}}],"line":38},"3":{"loc":{"start":{"line":46,"column":6},"end":{"line":46,"column":15}},"type":"default-arg","locations":[{"start":{"line":46,"column":13},"end":{"line":46,"column":15}}],"line":46},"4":{"loc":{"start":{"line":47,"column":6},"end":{"line":47,"column":44}},"type":"default-arg","locations":[{"start":{"line":47,"column":25},"end":{"line":47,"column":44}}],"line":47},"5":{"loc":{"start":{"line":48,"column":6},"end":{"line":48,"column":40}},"type":"default-arg","locations":[{"start":{"line":48,"column":15},"end":{"line":48,"column":40}}],"line":48},"6":{"loc":{"start":{"line":49,"column":6},"end":{"line":49,"column":41}},"type":"default-arg","locations":[{"start":{"line":49,"column":22},"end":{"line":49,"column":41}}],"line":49},"7":{"loc":{"start":{"line":54,"column":52},"end":{"line":68,"column":9}},"type":"cond-expr","locations":[{"start":{"line":55,"column":10},"end":{"line":61,"column":9}},{"start":{"line":62,"column":10},"end":{"line":68,"column":9}}],"line":54}},"s":{"0":2,"1":1,"2":1,"3":1,"4":3,"5":2,"6":1,"7":1,"8":1,"9":6,"10":6,"11":12,"12":6,"13":6,"14":6,"15":2,"16":2,"17":1,"18":1,"19":1,"20":2,"21":1},"f":{"0":2,"1":3,"2":6,"3":6,"4":12,"5":6,"6":2,"7":1,"8":2},"b":{"0":[1,1],"1":[2,1],"2":[1,1],"3":[0],"4":[0],"5":[3],"6":[4],"7":[1,5]},"_coverageSchema":"1a1c01bbd47fc00a2c39e90264f33305004495a9","hash":"3aad212b6fef7ecb7f9ceba1198f5edca5bfbedf"}
,"/Users/stelios/Development/stelios-vue/src/components/ItemsList/components/Item/ItemComponent.vue": {"path":"/Users/stelios/Development/stelios-vue/src/components/ItemsList/components/Item/ItemComponent.vue","statementMap":{"0":{"start":{"line":34,"column":0},"end":{"line":34,"column":null}},"1":{"start":{"line":68,"column":0},"end":{"line":68,"column":null}}},"fnMap":{"0":{"name":"_default","decl":{"start":{"line":68,"column":0},"end":{"line":68,"column":null}},"loc":{"start":{"line":68,"column":0},"end":{"line":68,"column":null}}}},"branchMap":{},"s":{"0":4,"1":0},"f":{"0":0},"b":{}}
,"/Users/stelios/Development/stelios-vue/src/constants/index.js": {"path":"/Users/stelios/Development/stelios-vue/src/constants/index.js","statementMap":{"0":{"start":{"line":1,"column":20},"end":{"line":6,"column":1}},"1":{"start":{"line":8,"column":24},"end":{"line":11,"column":1}},"2":{"start":{"line":13,"column":28},"end":{"line":18,"column":1}},"3":{"start":{"line":20,"column":21},"end":{"line":20,"column":22}},"4":{"start":{"line":22,"column":21},"end":{"line":24,"column":1}}},"fnMap":{},"branchMap":{},"s":{"0":5,"1":5,"2":5,"3":5,"4":5},"f":{},"b":{},"_coverageSchema":"1a1c01bbd47fc00a2c39e90264f33305004495a9","hash":"d73965f7e85e1d2af2f9257338c8c9ac8724d156"}
,"/Users/stelios/Development/stelios-vue/src/utils/index.js": {"path":"/Users/stelios/Development/stelios-vue/src/utils/index.js","statementMap":{"0":{"start":{"line":8,"column":32},"end":{"line":9,"column":86}},"1":{"start":{"line":8,"column":66},"end":{"line":9,"column":86}},"2":{"start":{"line":9,"column":23},"end":{"line":9,"column":85}},"3":{"start":{"line":11,"column":19},"end":{"line":11,"column":96}},"4":{"start":{"line":11,"column":50},"end":{"line":11,"column":96}},"5":{"start":{"line":13,"column":19},"end":{"line":13,"column":85}},"6":{"start":{"line":13,"column":51},"end":{"line":13,"column":84}},"7":{"start":{"line":15,"column":29},"end":{"line":22,"column":2}},"8":{"start":{"line":19,"column":7},"end":{"line":22,"column":1}}},"fnMap":{"0":{"name":"(anonymous_0)","decl":{"start":{"line":8,"column":32},"end":{"line":8,"column":33}},"loc":{"start":{"line":8,"column":66},"end":{"line":9,"column":86}},"line":8},"1":{"name":"(anonymous_1)","decl":{"start":{"line":9,"column":2},"end":{"line":9,"column":3}},"loc":{"start":{"line":9,"column":23},"end":{"line":9,"column":85}},"line":9},"2":{"name":"(anonymous_2)","decl":{"start":{"line":11,"column":19},"end":{"line":11,"column":20}},"loc":{"start":{"line":11,"column":50},"end":{"line":11,"column":96}},"line":11},"3":{"name":"(anonymous_3)","decl":{"start":{"line":13,"column":19},"end":{"line":13,"column":20}},"loc":{"start":{"line":13,"column":51},"end":{"line":13,"column":84}},"line":13},"4":{"name":"(anonymous_4)","decl":{"start":{"line":15,"column":29},"end":{"line":15,"column":30}},"loc":{"start":{"line":19,"column":7},"end":{"line":22,"column":1}},"line":19}},"branchMap":{"0":{"loc":{"start":{"line":13,"column":51},"end":{"line":13,"column":84}},"type":"cond-expr","locations":[{"start":{"line":13,"column":78},"end":{"line":13,"column":79}},{"start":{"line":13,"column":82},"end":{"line":13,"column":84}}],"line":13},"1":{"loc":{"start":{"line":16,"column":2},"end":{"line":16,"column":43}},"type":"default-arg","locations":[{"start":{"line":16,"column":24},"end":{"line":16,"column":43}}],"line":16},"2":{"loc":{"start":{"line":20,"column":15},"end":{"line":20,"column":59}},"type":"cond-expr","locations":[{"start":{"line":20,"column":37},"end":{"line":20,"column":45}},{"start":{"line":20,"column":48},"end":{"line":20,"column":59}}],"line":20},"3":{"loc":{"start":{"line":21,"column":12},"end":{"line":21,"column":56}},"type":"cond-expr","locations":[{"start":{"line":21,"column":34},"end":{"line":21,"column":45}},{"start":{"line":21,"column":48},"end":{"line":21,"column":56}}],"line":21}},"s":{"0":1,"1":3,"2":1,"3":1,"4":0,"5":1,"6":2,"7":1,"8":3},"f":{"0":3,"1":1,"2":0,"3":2,"4":3},"b":{"0":[1,1],"1":[1],"2":[2,1],"3":[2,1]},"_coverageSchema":"1a1c01bbd47fc00a2c39e90264f33305004495a9","hash":"51d2250f4dd7257ca56bc9514998af7d157255d3"}
,"/Users/stelios/Development/stelios-vue/src/views/Dashboard/DashboardView.vue": {"path":"/Users/stelios/Development/stelios-vue/src/views/Dashboard/DashboardView.vue","statementMap":{"0":{"start":{"line":32,"column":0},"end":{"line":32,"column":null}},"1":{"start":{"line":33,"column":0},"end":{"line":33,"column":null}},"2":{"start":{"line":37,"column":0},"end":{"line":37,"column":null}},"3":{"start":{"line":38,"column":0},"end":{"line":38,"column":null}},"4":{"start":{"line":50,"column":0},"end":{"line":50,"column":null}}},"fnMap":{"0":{"name":"created","decl":{"start":{"line":50,"column":0},"end":{"line":50,"column":null}},"loc":{"start":{"line":50,"column":0},"end":{"line":52,"column":null}}}},"branchMap":{"0":{"loc":{"start":{"line":50,"column":0},"end":{"line":50,"column":null}},"type":"switch","locations":[{"start":{"line":50,"column":0},"end":{"line":50,"column":null}},{"start":{"line":50,"column":0},"end":{"line":50,"column":null}},{"start":{"line":50,"column":0},"end":{"line":50,"column":null}}]}},"s":{"0":2,"1":2,"2":2,"3":2,"4":40},"f":{"0":16},"b":{"0":[4,4,4]}}
}
