TN:
SF:src/App.vue
FNF:0
FNH:0
DA:6,1
LF:1
LH:1
BRF:0
BRH:0
end_of_record
TN:
SF:src/components/index.js
FNF:0
FNH:0
LF:0
LH:0
BRF:0
BRH:0
end_of_record
TN:
SF:src/components/ItemsList/ItemsListComponent.vue
FN:119,_default
FN:134,data
FN:154,filteredItems
FN:162,pagesSize
FN:168,paginatedItems
FN:174,favouriteList
FN:175,(anonymous_12)
FN:177,finalItems
FN:180,hidePreviousPageButton
FN:183,hideNextPageButton
FN:188,searchText
FN:192,created
FN:197,onClickNextPageButton
FN:200,onClickPreviousPageButton
FNF:14
FNH:14
FNDA:23,_default
FNDA:15,data
FNDA:15,filteredItems
FNDA:16,pagesSize
FNDA:19,paginatedItems
FNDA:1,favouriteList
FNDA:2,(anonymous_12)
FNDA:20,finalItems
FNDA:19,hidePreviousPageButton
FNDA:19,hideNextPageButton
FNDA:1,searchText
FNDA:15,created
FNDA:1,onClickNextPageButton
FNDA:1,onClickPreviousPageButton
DA:78,3
DA:86,3
DA:88,3
DA:97,3
DA:119,23
DA:135,15
DA:155,15
DA:163,16
DA:164,1
DA:166,15
DA:169,19
DA:170,19
DA:172,19
DA:175,3
DA:178,20
DA:181,19
DA:184,19
DA:189,1
DA:193,15
DA:198,1
DA:201,1
LF:21
LH:21
BRDA:163,0,0,1
BRDA:163,0,1,15
BRDA:178,1,0,19
BRDA:178,1,1,1
BRF:4
BRH:4
end_of_record
TN:
SF:src/components/ItemsList/ItemsListModule.js
FN:23,(anonymous_0)
FN:30,(anonymous_1)
FN:45,(anonymous_2)
FN:45,(anonymous_3)
FN:51,(anonymous_4)
FN:54,(anonymous_5)
FN:74,(anonymous_6)
FN:84,(anonymous_7)
FN:85,(anonymous_8)
FNF:9
FNH:9
FNDA:2,(anonymous_0)
FNDA:3,(anonymous_1)
FNDA:6,(anonymous_2)
FNDA:6,(anonymous_3)
FNDA:12,(anonymous_4)
FNDA:6,(anonymous_5)
FNDA:2,(anonymous_6)
FNDA:1,(anonymous_7)
FNDA:2,(anonymous_8)
DA:24,2
DA:25,1
DA:26,1
DA:28,1
DA:31,3
DA:32,2
DA:34,1
DA:36,1
DA:41,1
DA:45,6
DA:51,12
DA:52,6
DA:54,6
DA:75,2
DA:76,2
DA:79,1
DA:81,1
DA:85,2
DA:87,1
LF:19
LH:19
BRDA:24,0,0,1
BRDA:24,0,1,1
BRDA:31,1,0,2
BRDA:31,1,1,1
BRDA:38,2,0,1
BRDA:38,2,1,1
BRDA:46,3,0,0
BRDA:47,4,0,0
BRDA:48,5,0,3
BRDA:49,6,0,4
BRDA:54,7,0,1
BRDA:54,7,1,5
BRF:12
BRH:10
end_of_record
TN:
SF:src/components/ItemsList/components/Item/ItemComponent.vue
FN:68,_default
FNF:1
FNH:0
FNDA:0,_default
DA:34,4
DA:68,0
LF:2
LH:1
BRF:0
BRH:0
end_of_record
TN:
SF:src/constants/index.js
FNF:0
FNH:0
DA:1,5
DA:8,5
DA:13,5
DA:20,5
DA:22,5
LF:5
LH:5
BRF:0
BRH:0
end_of_record
TN:
SF:src/utils/index.js
FN:8,(anonymous_0)
FN:9,(anonymous_1)
FN:11,(anonymous_2)
FN:13,(anonymous_3)
FN:15,(anonymous_4)
FNF:5
FNH:4
FNDA:3,(anonymous_0)
FNDA:1,(anonymous_1)
FNDA:0,(anonymous_2)
FNDA:2,(anonymous_3)
FNDA:3,(anonymous_4)
DA:8,3
DA:9,1
DA:11,1
DA:13,2
DA:15,1
DA:19,3
LF:6
LH:6
BRDA:13,0,0,1
BRDA:13,0,1,1
BRDA:16,1,0,1
BRDA:20,2,0,2
BRDA:20,2,1,1
BRDA:21,3,0,2
BRDA:21,3,1,1
BRF:7
BRH:7
end_of_record
TN:
SF:src/views/Dashboard/DashboardView.vue
FN:50,created
FNF:1
FNH:1
FNDA:16,created
DA:32,2
DA:33,2
DA:37,2
DA:38,2
DA:50,40
LF:5
LH:5
BRDA:50,0,0,4
BRDA:50,0,1,4
BRDA:50,0,2,4
BRF:3
BRH:3
end_of_record
