TN:
SF:src/App.vue
FNF:0
FNH:0
DA:6,1
LF:1
LH:1
BRF:0
BRH:0
end_of_record
TN:
SF:src/components/index.js
FNF:0
FNH:0
LF:0
LH:0
BRF:0
BRH:0
end_of_record
TN:
SF:src/components/ItemsList/ItemsListComponent.vue
FN:148,_default
FN:163,data
FN:184,statusIsLoaded
FN:186,pagesSize
FN:192,paginatedItems
FN:198,favouriteList
FN:199,(anonymous_12)
FN:201,itemsByListType
FN:204,hidePreviousPageButton
FN:207,hideNextPageButton
FN:210,filteredItems
FN:218,isListEmpty
FN:222,created
FN:225,mounted
FN:232,onClickNextPageButton
FN:235,onClickPreviousPageButton
FN:238,onClickFavoriteItem
FN:241,debounceInput
FNF:18
FNH:15
FNDA:24,_default
FNDA:16,data
FNDA:0,statusIsLoaded
FNDA:16,pagesSize
FNDA:19,paginatedItems
FNDA:1,favouriteList
FNDA:2,(anonymous_12)
FNDA:20,itemsByListType
FNDA:19,hidePreviousPageButton
FNDA:19,hideNextPageButton
FNDA:0,filteredItems
FNDA:20,isListEmpty
FNDA:16,created
FNDA:48,mounted
FNDA:1,onClickNextPageButton
FNDA:1,onClickPreviousPageButton
FNDA:1,onClickFavoriteItem
FNDA:0,debounceInput
DA:104,3
DA:113,3
DA:115,3
DA:117,3
DA:126,3
DA:148,24
DA:164,16
DA:184,0
DA:187,16
DA:188,1
DA:190,15
DA:193,19
DA:194,19
DA:196,19
DA:199,3
DA:202,20
DA:205,19
DA:208,19
DA:211,0
DA:219,20
DA:223,16
DA:225,160
DA:233,1
DA:236,1
DA:239,1
DA:242,0
LF:26
LH:23
BRDA:187,0,0,1
BRDA:187,0,1,15
BRDA:202,1,0,19
BRDA:202,1,1,1
BRDA:219,2,0,0
BRDA:219,2,1,20
BRDA:225,3,0,16
BRDA:225,3,1,16
BRDA:225,3,2,16
BRDA:225,4,0,16
BRDA:225,4,1,0
BRF:11
BRH:9
end_of_record
TN:
SF:src/components/ItemsList/components/Item/ItemComponent.vue
FN:79,_default
FN:83,dislikeText
FNF:2
FNH:1
FNDA:0,_default
FNDA:3,dislikeText
DA:41,4
DA:79,0
DA:84,3
LF:3
LH:2
BRDA:84,0,0,1
BRDA:84,0,1,2
BRF:2
BRH:2
end_of_record
TN:
SF:src/components/ItemsList/store/ItemsListModule.js
FN:24,(anonymous_0)
FN:31,(anonymous_1)
FN:44,(anonymous_2)
FN:51,(anonymous_3)
FN:51,(anonymous_4)
FN:57,(anonymous_5)
FN:60,(anonymous_6)
FN:80,(anonymous_7)
FN:92,(anonymous_8)
FN:93,(anonymous_9)
FNF:10
FNH:10
FNDA:2,(anonymous_0)
FNDA:3,(anonymous_1)
FNDA:1,(anonymous_2)
FNDA:6,(anonymous_3)
FNDA:6,(anonymous_4)
FNDA:12,(anonymous_5)
FNDA:6,(anonymous_6)
FNDA:2,(anonymous_7)
FNDA:1,(anonymous_8)
FNDA:2,(anonymous_9)
DA:25,2
DA:26,1
DA:27,1
DA:29,1
DA:32,3
DA:33,2
DA:35,1
DA:37,1
DA:42,1
DA:45,1
DA:47,1
DA:51,6
DA:57,12
DA:58,6
DA:60,6
DA:81,2
DA:82,2
DA:85,1
DA:86,1
DA:88,1
DA:89,1
DA:93,2
DA:95,1
LF:23
LH:23
BRDA:25,0,0,1
BRDA:25,0,1,1
BRDA:32,1,0,2
BRDA:32,1,1,1
BRDA:39,2,0,1
BRDA:39,2,1,1
BRDA:45,3,0,0
BRDA:45,3,1,1
BRDA:52,4,0,0
BRDA:53,5,0,0
BRDA:54,6,0,3
BRDA:55,7,0,4
BRDA:60,8,0,1
BRDA:60,8,1,5
BRF:14
BRH:11
end_of_record
TN:
SF:src/constants/index.js
FNF:0
FNH:0
DA:1,5
DA:8,5
DA:13,5
DA:20,5
DA:22,5
DA:26,5
LF:6
LH:6
BRF:0
BRH:0
end_of_record
TN:
SF:src/utils/index.js
FN:8,(anonymous_0)
FN:9,(anonymous_1)
FN:11,(anonymous_2)
FN:13,(anonymous_3)
FN:15,(anonymous_4)
FNF:5
FNH:4
FNDA:3,(anonymous_0)
FNDA:1,(anonymous_1)
FNDA:0,(anonymous_2)
FNDA:2,(anonymous_3)
FNDA:3,(anonymous_4)
DA:8,3
DA:9,1
DA:11,1
DA:13,2
DA:15,1
DA:19,3
LF:6
LH:6
BRDA:13,0,0,1
BRDA:13,0,1,1
BRDA:16,1,0,1
BRDA:20,2,0,2
BRDA:20,2,1,1
BRDA:21,3,0,2
BRDA:21,3,1,1
BRF:7
BRH:7
end_of_record
TN:
SF:src/views/Dashboard/DashboardView.vue
FNF:0
FNH:0
DA:32,2
DA:36,2
LF:2
LH:2
BRF:0
BRH:0
end_of_record
